#
# There is insufficient memory for the Java Runtime Environment to continue.
# Native memory allocation (mmap) failed to map 217055232 bytes for committing reserved memory.
# Possible reasons:
#   The system is out of physical RAM or swap space
#   In 32 bit mode, the process size limit was hit
# Possible solutions:
#   Reduce memory load on the system
#   Increase physical memory or swap space
#   Check if swap backing store is full
#   Use 64 bit Java on a 64 bit OS
#   Decrease Java heap size (-Xmx/-Xms)
#   Decrease number of Java threads
#   Decrease Java thread stack sizes (-Xss)
#   Set larger code cache with -XX:ReservedCodeCacheSize=
# This output file may be truncated or incomplete.
#
#  Out of Memory Error (os_linux.cpp:2627), pid=24131, tid=0x00007f82e0390700
#
# JRE version: Java(TM) SE Runtime Environment (8.0_101-b13) (build 1.8.0_101-b13)
# Java VM: Java HotSpot(TM) 64-Bit Server VM (25.101-b13 mixed mode linux-amd64 compressed oops)
# Failed to write core dump. Core dumps have been disabled. To enable core dumping, try "ulimit -c unlimited" before starting Java again
#

---------------  T H R E A D  ---------------

Current thread (0x00007f82f0078000):  VMThread [stack: 0x00007f82e0290000,0x00007f82e0391000] [id=24142]

Stack: [0x00007f82e0290000,0x00007f82e0391000],  sp=0x00007f82e038efa0,  free space=1019k
Native frames: (J=compiled Java code, j=interpreted, Vv=VM code, C=native code)
V  [libjvm.so+0xac3f0a]  VMError::report_and_die()+0x2ba
V  [libjvm.so+0x4fbf9b]  report_vm_out_of_memory(char const*, int, unsigned long, VMErrorType, char const*)+0x8b
V  [libjvm.so+0x9222d3]  os::Linux::commit_memory_impl(char*, unsigned long, bool)+0x103
V  [libjvm.so+0x922829]  os::pd_commit_memory(char*, unsigned long, unsigned long, bool)+0x29
V  [libjvm.so+0x91cb2a]  os::commit_memory(char*, unsigned long, unsigned long, bool)+0x2a
V  [libjvm.so+0x991053]  PSVirtualSpace::expand_by(unsigned long)+0x53
V  [libjvm.so+0x992458]  PSYoungGen::resize_generation(unsigned long, unsigned long)+0xf8
V  [libjvm.so+0x9915b2]  PSYoungGen::resize(unsigned long, unsigned long)+0x22
V  [libjvm.so+0x98e88b]  PSScavenge::invoke_no_policy()+0xf3b
V  [libjvm.so+0x98f011]  PSScavenge::invoke()+0x41
V  [libjvm.so+0x945fc0]  ParallelScavengeHeap::failed_mem_allocate(unsigned long)+0x70
V  [libjvm.so+0xac5927]  VM_ParallelGCFailedAllocation::doit()+0x97
V  [libjvm.so+0xacd405]  VM_Operation::evaluate()+0x55
V  [libjvm.so+0xacb7da]  VMThread::evaluate_operation(VM_Operation*)+0xba
V  [libjvm.so+0xacbb5e]  VMThread::loop()+0x1ce
V  [libjvm.so+0xacbfd0]  VMThread::run()+0x70
V  [libjvm.so+0x924698]  java_start(Thread*)+0x108

VM_Operation (0x00007f82d8c34c00): ParallelGCFailedAllocation, mode: safepoint, requested by thread 0x00007f82f016d000


---------------  P R O C E S S  ---------------

Java Threads: ( => current thread )
  0x00007f82f016d000 JavaThread "pool-1-thread-4" [_thread_blocked, id=24157, stack(0x00007f82d8b36000,0x00007f82d8c37000)]
  0x00007f82f016b800 JavaThread "pool-1-thread-3" [_thread_blocked, id=24156, stack(0x00007f82d8c37000,0x00007f82d8d38000)]
  0x00007f82f0167800 JavaThread "pool-1-thread-2" [_thread_blocked, id=24155, stack(0x00007f82d8d38000,0x00007f82d8e39000)]
  0x00007f82f0163000 JavaThread "pool-2-thread-1" [_thread_blocked, id=24154, stack(0x00007f82d8e39000,0x00007f82d8f3a000)]
  0x00007f82f0161800 JavaThread "pool-1-thread-1" [_thread_blocked, id=24153, stack(0x00007f82d8f3a000,0x00007f82d903b000)]
  0x00007f82f00c0000 JavaThread "Service Thread" daemon [_thread_blocked, id=24149, stack(0x00007f82d913c000,0x00007f82d923d000)]
  0x00007f82f00bd000 JavaThread "C1 CompilerThread2" daemon [_thread_blocked, id=24148, stack(0x00007f82d923d000,0x00007f82d933e000)]
  0x00007f82f00bb800 JavaThread "C2 CompilerThread1" daemon [_thread_blocked, id=24147, stack(0x00007f82d933e000,0x00007f82d943f000)]
  0x00007f82f00b8800 JavaThread "C2 CompilerThread0" daemon [_thread_blocked, id=24146, stack(0x00007f82d943f000,0x00007f82d9540000)]
  0x00007f82f00b7000 JavaThread "Signal Dispatcher" daemon [_thread_blocked, id=24145, stack(0x00007f82d9540000,0x00007f82d9641000)]
  0x00007f82f0084000 JavaThread "Finalizer" daemon [_thread_blocked, id=24144, stack(0x00007f82e008e000,0x00007f82e018f000)]
  0x00007f82f007f800 JavaThread "Reference Handler" daemon [_thread_blocked, id=24143, stack(0x00007f82e018f000,0x00007f82e0290000)]
  0x00007f82f000a000 JavaThread "main" [_thread_blocked, id=24136, stack(0x00007f82f8940000,0x00007f82f8a41000)]

Other Threads:
=>0x00007f82f0078000 VMThread [stack: 0x00007f82e0290000,0x00007f82e0391000] [id=24142]
  0x00007f82f00c3000 WatcherThread [stack: 0x00007f82d903b000,0x00007f82d913c000] [id=24151]

VM state:at safepoint (normal execution)

VM Mutex/Monitor currently owned by a thread:  ([mutex/lock_event])
[0x00007f82f00064c0] Threads_lock - owner thread: 0x00007f82f0078000
[0x00007f82f00069c0] Heap_lock - owner thread: 0x00007f82f016d000

Heap:
 PSYoungGen      total 132096K, used 5093K [0x00000000eab00000, 0x00000000f3100000, 0x0000000100000000)
  eden space 126976K, 0% used [0x00000000eab00000,0x00000000eab00000,0x00000000f2700000)
  from space 5120K, 99% used [0x00000000f2700000,0x00000000f2bf9728,0x00000000f2c00000)
  to   space 5120K, 0% used [0x00000000f2c00000,0x00000000f2c00000,0x00000000f3100000)
 ParOldGen       total 92160K, used 91922K [0x00000000c0000000, 0x00000000c5a00000, 0x00000000eab00000)
  object space 92160K, 99% used [0x00000000c0000000,0x00000000c59c4840,0x00000000c5a00000)
 Metaspace       used 5873K, capacity 7024K, committed 7296K, reserved 1056768K
  class space    used 575K, capacity 616K, committed 640K, reserved 1048576K

Card table byte_map: [0x00007f82f54f0000,0x00007f82f56f1000] byte_map_base: 0x00007f82f4ef0000

Marking Bits: (ParMarkBitMap*) 0x00007f82f7e19120
 Begin Bits: [0x00007f82da000000, 0x00007f82db000000)
 End Bits:   [0x00007f82db000000, 0x00007f82dc000000)

Polling page: 0x00007f82f8a68000

CodeCache: size=245760Kb used=6037Kb max_used=6037Kb free=239722Kb
 bounds [0x00007f82e1000000, 0x00007f82e15f0000, 0x00007f82f0000000]
 total_blobs=1809 nmethods=1548 adapters=175
 compilation: enabled

Compilation events (10 events):
Event: 2.540 Thread 0x00007f82f00bd000 1686       2       com.android.dx.rop.code.LocalItem::make (20 bytes)
Event: 2.541 Thread 0x00007f82f00bd000 nmethod 1686 0x00007f82e15e0b90 code [0x00007f82e15e0d00, 0x00007f82e15e0ed0]
Event: 2.541 Thread 0x00007f82f00bd000 1687       2       com.android.dx.rop.code.LocalItem::<init> (15 bytes)
Event: 2.541 Thread 0x00007f82f00bd000 nmethod 1687 0x00007f82e15e0f90 code [0x00007f82e15e10e0, 0x00007f82e15e1250]
Event: 2.541 Thread 0x00007f82f00bd000 1688 %     3       com.android.dx.cf.code.BaseMachine::popArgs @ 21 (127 bytes)
Event: 2.542 Thread 0x00007f82f00bd000 nmethod 1688% 0x00007f82e15e12d0 code [0x00007f82e15e15e0, 0x00007f82e15e2fe8]
Event: 2.544 Thread 0x00007f82f00bd000 1689       2       com.android.dx.cf.code.LineNumberList::concat (92 bytes)
Event: 2.545 Thread 0x00007f82f00bd000 nmethod 1689 0x00007f82e15e3c50 code [0x00007f82e15e3ec0, 0x00007f82e15e4aa8]
Event: 2.545 Thread 0x00007f82f00bd000 1690 %     3       com.android.dx.ssa.SCCP::replaceConstants @ 2 (209 bytes)
Event: 2.546 Thread 0x00007f82f00bd000 nmethod 1690% 0x00007f82e15e5c10 code [0x00007f82e15e5f40, 0x00007f82e15e7af8]

GC Heap History (9 events):
Event: 0.747 GC heap before
{Heap before GC invocations=1 (full 0):
 PSYoungGen      total 36864K, used 31744K [0x00000000eab00000, 0x00000000ed400000, 0x0000000100000000)
  eden space 31744K, 100% used [0x00000000eab00000,0x00000000eca00000,0x00000000eca00000)
  from space 5120K, 0% used [0x00000000ecf00000,0x00000000ecf00000,0x00000000ed400000)
  to   space 5120K, 0% used [0x00000000eca00000,0x00000000eca00000,0x00000000ecf00000)
 ParOldGen       total 84992K, used 0K [0x00000000c0000000, 0x00000000c5300000, 0x00000000eab00000)
  object space 84992K, 0% used [0x00000000c0000000,0x00000000c0000000,0x00000000c5300000)
 Metaspace       used 5516K, capacity 6768K, committed 7040K, reserved 1056768K
  class space    used 565K, capacity 616K, committed 640K, reserved 1048576K
Event: 0.761 GC heap after
Heap after GC invocations=1 (full 0):
 PSYoungGen      total 36864K, used 5116K [0x00000000eab00000, 0x00000000ef300000, 0x0000000100000000)
  eden space 31744K, 0% used [0x00000000eab00000,0x00000000eab00000,0x00000000eca00000)
  from space 5120K, 99% used [0x00000000eca00000,0x00000000eceff3b8,0x00000000ecf00000)
  to   space 5120K, 0% used [0x00000000eee00000,0x00000000eee00000,0x00000000ef300000)
 ParOldGen       total 84992K, used 1542K [0x00000000c0000000, 0x00000000c5300000, 0x00000000eab00000)
  object space 84992K, 1% used [0x00000000c0000000,0x00000000c0181928,0x00000000c5300000)
 Metaspace       used 5516K, capacity 6768K, committed 7040K, reserved 1056768K
  class space    used 565K, capacity 616K, committed 640K, reserved 1048576K
}
Event: 1.055 GC heap before
{Heap before GC invocations=2 (full 0):
 PSYoungGen      total 36864K, used 36860K [0x00000000eab00000, 0x00000000ef300000, 0x0000000100000000)
  eden space 31744K, 100% used [0x00000000eab00000,0x00000000eca00000,0x00000000eca00000)
  from space 5120K, 99% used [0x00000000eca00000,0x00000000eceff3b8,0x00000000ecf00000)
  to   space 5120K, 0% used [0x00000000eee00000,0x00000000eee00000,0x00000000ef300000)
 ParOldGen       total 84992K, used 1542K [0x00000000c0000000, 0x00000000c5300000, 0x00000000eab00000)
  object space 84992K, 1% used [0x00000000c0000000,0x00000000c0181928,0x00000000c5300000)
 Metaspace       used 5588K, capacity 6768K, committed 7040K, reserved 1056768K
  class space    used 573K, capacity 616K, committed 640K, reserved 1048576K
Event: 1.109 GC heap after
Heap after GC invocations=2 (full 0):
 PSYoungGen      total 68608K, used 5111K [0x00000000eab00000, 0x00000000ef300000, 0x0000000100000000)
  eden space 63488K, 0% used [0x00000000eab00000,0x00000000eab00000,0x00000000ee900000)
  from space 5120K, 99% used [0x00000000eee00000,0x00000000ef2fdc58,0x00000000ef300000)
  to   space 5120K, 0% used [0x00000000ee900000,0x00000000ee900000,0x00000000eee00000)
 ParOldGen       total 84992K, used 6623K [0x00000000c0000000, 0x00000000c5300000, 0x00000000eab00000)
  object space 84992K, 7% used [0x00000000c0000000,0x00000000c0677e30,0x00000000c5300000)
 Metaspace       used 5588K, capacity 6768K, committed 7040K, reserved 1056768K
  class space    used 573K, capacity 616K, committed 640K, reserved 1048576K
}
Event: 1.527 GC heap before
{Heap before GC invocations=3 (full 0):
 PSYoungGen      total 68608K, used 68599K [0x00000000eab00000, 0x00000000ef300000, 0x0000000100000000)
  eden space 63488K, 100% used [0x00000000eab00000,0x00000000ee900000,0x00000000ee900000)
  from space 5120K, 99% used [0x00000000eee00000,0x00000000ef2fdc58,0x00000000ef300000)
  to   space 5120K, 0% used [0x00000000ee900000,0x00000000ee900000,0x00000000eee00000)
 ParOldGen       total 84992K, used 6623K [0x00000000c0000000, 0x00000000c5300000, 0x00000000eab00000)
  object space 84992K, 7% used [0x00000000c0000000,0x00000000c0677e30,0x00000000c5300000)
 Metaspace       used 5694K, capacity 6896K, committed 7040K, reserved 1056768K
  class space    used 574K, capacity 616K, committed 640K, reserved 1048576K
Event: 1.576 GC heap after
Heap after GC invocations=3 (full 0):
 PSYoungGen      total 68608K, used 5093K [0x00000000eab00000, 0x00000000f3100000, 0x0000000100000000)
  eden space 63488K, 0% used [0x00000000eab00000,0x00000000eab00000,0x00000000ee900000)
  from space 5120K, 99% used [0x00000000ee900000,0x00000000eedf95e8,0x00000000eee00000)
  to   space 5120K, 0% used [0x00000000f2c00000,0x00000000f2c00000,0x00000000f3100000)
 ParOldGen       total 84992K, used 30676K [0x00000000c0000000, 0x00000000c5300000, 0x00000000eab00000)
  object space 84992K, 36% used [0x00000000c0000000,0x00000000c1df53c8,0x00000000c5300000)
 Metaspace       used 5694K, capacity 6896K, committed 7040K, reserved 1056768K
  class space    used 574K, capacity 616K, committed 640K, reserved 1048576K
}
Event: 1.827 GC heap before
{Heap before GC invocations=4 (full 0):
 PSYoungGen      total 68608K, used 68581K [0x00000000eab00000, 0x00000000f3100000, 0x0000000100000000)
  eden space 63488K, 100% used [0x00000000eab00000,0x00000000ee900000,0x00000000ee900000)
  from space 5120K, 99% used [0x00000000ee900000,0x00000000eedf95e8,0x00000000eee00000)
  to   space 5120K, 0% used [0x00000000f2c00000,0x00000000f2c00000,0x00000000f3100000)
 ParOldGen       total 84992K, used 30676K [0x00000000c0000000, 0x00000000c5300000, 0x00000000eab00000)
  object space 84992K, 36% used [0x00000000c0000000,0x00000000c1df53c8,0x00000000c5300000)
 Metaspace       used 5745K, capacity 6960K, committed 7040K, reserved 1056768K
  class space    used 575K, capacity 616K, committed 640K, reserved 1048576K
Event: 1.895 GC heap after
Heap after GC invocations=4 (full 0):
 PSYoungGen      total 132096K, used 5091K [0x00000000eab00000, 0x00000000f3100000, 0x0000000100000000)
  eden space 126976K, 0% used [0x00000000eab00000,0x00000000eab00000,0x00000000f2700000)
  from space 5120K, 99% used [0x00000000f2c00000,0x00000000f30f8ef8,0x00000000f3100000)
  to   space 5120K, 0% used [0x00000000f2700000,0x00000000f2700000,0x00000000f2c00000)
 ParOldGen       total 84992K, used 52941K [0x00000000c0000000, 0x00000000c5300000, 0x00000000eab00000)
  object space 84992K, 62% used [0x00000000c0000000,0x00000000c33b36c0,0x00000000c5300000)
 Metaspace       used 5745K, capacity 6960K, committed 7040K, reserved 1056768K
  class space    used 575K, capacity 616K, committed 640K, reserved 1048576K
}
Event: 2.563 GC heap before
{Heap before GC invocations=5 (full 0):
 PSYoungGen      total 132096K, used 132067K [0x00000000eab00000, 0x00000000f3100000, 0x0000000100000000)
  eden space 126976K, 100% used [0x00000000eab00000,0x00000000f2700000,0x00000000f2700000)
  from space 5120K, 99% used [0x00000000f2c00000,0x00000000f30f8ef8,0x00000000f3100000)
  to   space 5120K, 0% used [0x00000000f2700000,0x00000000f2700000,0x00000000f2c00000)
 ParOldGen       total 84992K, used 52941K [0x00000000c0000000, 0x00000000c5300000, 0x00000000eab00000)
  object space 84992K, 62% used [0x00000000c0000000,0x00000000c33b36c0,0x00000000c5300000)
 Metaspace       used 5873K, capacity 7024K, committed 7296K, reserved 1056768K
  class space    used 575K, capacity 616K, committed 640K, reserved 1048576K

Deoptimization events (10 events):
Event: 0.906 Thread 0x00007f82f0167800 Uncommon trap: reason=class_check action=maybe_recompile pc=0x00007f82e128f938 method=com.android.dx.rop.type.Type.equals(Ljava/lang/Object;)Z @ 8
Event: 0.931 Thread 0x00007f82f0167800 Uncommon trap: reason=unstable_if action=reinterpret pc=0x00007f82e1309818 method=com.android.dx.util.IntList.binarysearch(I)I @ 16
Event: 1.011 Thread 0x00007f82f016b800 Uncommon trap: reason=class_check action=maybe_recompile pc=0x00007f82e128f938 method=com.android.dx.rop.type.Type.equals(Ljava/lang/Object;)Z @ 8
Event: 1.011 Thread 0x00007f82f016b800 Uncommon trap: reason=class_check action=maybe_recompile pc=0x00007f82e128f938 method=com.android.dx.rop.type.Type.equals(Ljava/lang/Object;)Z @ 8
Event: 1.734 Thread 0x00007f82f0167800 Uncommon trap: reason=class_check action=maybe_recompile pc=0x00007f82e13b8e04 method=com.android.dx.ssa.NormalSsaInsn.accept(Lcom/android/dx/ssa/SsaInsn$Visitor;)V @ 9
Event: 1.734 Thread 0x00007f82f0167800 Uncommon trap: reason=class_check action=maybe_recompile pc=0x00007f82e13b8e04 method=com.android.dx.ssa.NormalSsaInsn.accept(Lcom/android/dx/ssa/SsaInsn$Visitor;)V @ 9
Event: 1.735 Thread 0x00007f82f0167800 Uncommon trap: reason=class_check action=maybe_recompile pc=0x00007f82e13b8e04 method=com.android.dx.ssa.NormalSsaInsn.accept(Lcom/android/dx/ssa/SsaInsn$Visitor;)V @ 9
Event: 1.735 Thread 0x00007f82f0167800 Uncommon trap: reason=class_check action=maybe_recompile pc=0x00007f82e13b8e04 method=com.android.dx.ssa.NormalSsaInsn.accept(Lcom/android/dx/ssa/SsaInsn$Visitor;)V @ 9
Event: 2.201 Thread 0x00007f82f016d000 Uncommon trap: reason=unstable_if action=reinterpret pc=0x00007f82e116aadc method=com.android.dx.rop.cst.Constant.compareTo(Lcom/android/dx/rop/cst/Constant;)I @ 12
Event: 2.432 Thread 0x00007f82f0167800 Uncommon trap: reason=unstable_if action=reinterpret pc=0x00007f82e1582518 method=com.android.dx.cf.code.Ropper.processBlock(Lcom/android/dx/cf/code/ByteBlock;Lcom/android/dx/cf/code/Frame;[I)V @ 975

Internal exceptions (3 events):
Event: 0.036 Thread 0x00007f82f000a000 Exception <a 'java/lang/NoSuchMethodError': Method sun.misc.Unsafe.defineClass(Ljava/lang/String;[BII)Ljava/lang/Class; name or signature does not match> (0x00000000eab07cc0) thrown at [/HUDSON3/workspace/8-2-build-linux-amd64/jdk8u101/7261/hotspot/src/sh
Event: 0.036 Thread 0x00007f82f000a000 Exception <a 'java/lang/NoSuchMethodError': Method sun.misc.Unsafe.prefetchRead(Ljava/lang/Object;J)V name or signature does not match> (0x00000000eab07fa8) thrown at [/HUDSON3/workspace/8-2-build-linux-amd64/jdk8u101/7261/hotspot/src/share/vm/prims/jni.c
Event: 0.859 Thread 0x00007f82f0161800 Implicit null exception at 0x00007f82e1261637 to 0x00007f82e1263179

Events (10 events):
Event: 2.524 Thread 0x00007f82f016d000 DEOPT UNPACKING pc=0x00007f82e1047633 sp=0x00007f82d8c34eb8 mode 0
Event: 2.525 Thread 0x00007f82f016d000 DEOPT PACKING pc=0x00007f82e141992b sp=0x00007f82d8c34fd0
Event: 2.525 Thread 0x00007f82f016d000 DEOPT UNPACKING pc=0x00007f82e1047633 sp=0x00007f82d8c34d20 mode 0
Event: 2.537 Thread 0x00007f82f0161800 DEOPT PACKING pc=0x00007f82e140a81a sp=0x00007f82d9039060
Event: 2.537 Thread 0x00007f82f0161800 DEOPT UNPACKING pc=0x00007f82e1047633 sp=0x00007f82d9038e18 mode 0
Event: 2.554 Thread 0x00007f82f016d000 DEOPT PACKING pc=0x00007f82e1474065 sp=0x00007f82d8c34de0
Event: 2.554 Thread 0x00007f82f016d000 DEOPT UNPACKING pc=0x00007f82e1047633 sp=0x00007f82d8c34bc8 mode 0
Event: 2.555 Thread 0x00007f82f016d000 DEOPT PACKING pc=0x00007f82e146307a sp=0x00007f82d8c34ee0
Event: 2.555 Thread 0x00007f82f016d000 DEOPT UNPACKING pc=0x00007f82e1047633 sp=0x00007f82d8c34d18 mode 0
Event: 2.558 Executing VM operation: ParallelGCFailedAllocation


Dynamic libraries:
00400000-00401000 r-xp 00000000 08:01 2501939                            /usr/lib/jvm/java-8-oracle/bin/java
00600000-00601000 rw-p 00000000 08:01 2501939                            /usr/lib/jvm/java-8-oracle/bin/java
019fd000-01a1e000 rw-p 00000000 00:00 0                                  [heap]
c0000000-c5a00000 rw-p 00000000 00:00 0 
c5a00000-eab00000 ---p 00000000 00:00 0 
eab00000-f3100000 rw-p 00000000 00:00 0 
100000000-1000a0000 rw-p 00000000 00:00 0 
1000a0000-140000000 ---p 00000000 00:00 0 
7f828c000000-7f828c021000 rw-p 00000000 00:00 0 
7f828c021000-7f8290000000 ---p 00000000 00:00 0 
7f8290000000-7f8290021000 rw-p 00000000 00:00 0 
7f8290021000-7f8294000000 ---p 00000000 00:00 0 
7f8294000000-7f8294021000 rw-p 00000000 00:00 0 
7f8294021000-7f8298000000 ---p 00000000 00:00 0 
7f8298000000-7f829802c000 rw-p 00000000 00:00 0 
7f829802c000-7f829c000000 ---p 00000000 00:00 0 
7f829c000000-7f829c021000 rw-p 00000000 00:00 0 
7f829c021000-7f82a0000000 ---p 00000000 00:00 0 
7f82a0000000-7f82a007d000 rw-p 00000000 00:00 0 
7f82a007d000-7f82a4000000 ---p 00000000 00:00 0 
7f82a4000000-7f82a4584000 rw-p 00000000 00:00 0 
7f82a4584000-7f82a8000000 ---p 00000000 00:00 0 
7f82a8000000-7f82a8021000 rw-p 00000000 00:00 0 
7f82a8021000-7f82ac000000 ---p 00000000 00:00 0 
7f82ac000000-7f82acf38000 rw-p 00000000 00:00 0 
7f82acf38000-7f82b0000000 ---p 00000000 00:00 0 
7f82b0000000-7f82b0acf000 rw-p 00000000 00:00 0 
7f82b0acf000-7f82b4000000 ---p 00000000 00:00 0 
7f82b4000000-7f82b4021000 rw-p 00000000 00:00 0 
7f82b4021000-7f82b8000000 ---p 00000000 00:00 0 
7f82b8000000-7f82b8021000 rw-p 00000000 00:00 0 
7f82b8021000-7f82bc000000 ---p 00000000 00:00 0 
7f82bc000000-7f82bc296000 rw-p 00000000 00:00 0 
7f82bc296000-7f82c0000000 ---p 00000000 00:00 0 
7f82c0000000-7f82c0021000 rw-p 00000000 00:00 0 
7f82c0021000-7f82c4000000 ---p 00000000 00:00 0 
7f82c4000000-7f82c4021000 rw-p 00000000 00:00 0 
7f82c4021000-7f82c8000000 ---p 00000000 00:00 0 
7f82cc000000-7f82cc021000 rw-p 00000000 00:00 0 
7f82cc021000-7f82d0000000 ---p 00000000 00:00 0 
7f82d4000000-7f82d4021000 rw-p 00000000 00:00 0 
7f82d4021000-7f82d8000000 ---p 00000000 00:00 0 
7f82d8b36000-7f82d8b39000 ---p 00000000 00:00 0 
7f82d8b39000-7f82d8c37000 rw-p 00000000 00:00 0 
7f82d8c37000-7f82d8c3a000 ---p 00000000 00:00 0 
7f82d8c3a000-7f82d8d38000 rw-p 00000000 00:00 0 
7f82d8d38000-7f82d8d3b000 ---p 00000000 00:00 0 
7f82d8d3b000-7f82d8e39000 rw-p 00000000 00:00 0 
7f82d8e39000-7f82d8e3c000 ---p 00000000 00:00 0 
7f82d8e3c000-7f82d8f3a000 rw-p 00000000 00:00 0 
7f82d8f3a000-7f82d8f3d000 ---p 00000000 00:00 0 
7f82d8f3d000-7f82d903b000 rw-p 00000000 00:00 0 
7f82d903b000-7f82d903c000 ---p 00000000 00:00 0 
7f82d903c000-7f82d913c000 rw-p 00000000 00:00 0 
7f82d913c000-7f82d913f000 ---p 00000000 00:00 0 
7f82d913f000-7f82d923d000 rw-p 00000000 00:00 0 
7f82d923d000-7f82d9240000 ---p 00000000 00:00 0 
7f82d9240000-7f82d933e000 rw-p 00000000 00:00 0 
7f82d933e000-7f82d9341000 ---p 00000000 00:00 0 
7f82d9341000-7f82d943f000 rw-p 00000000 00:00 0 
7f82d943f000-7f82d9442000 ---p 00000000 00:00 0 
7f82d9442000-7f82d9540000 rw-p 00000000 00:00 0 
7f82d9540000-7f82d9543000 ---p 00000000 00:00 0 
7f82d9543000-7f82d9641000 rw-p 00000000 00:00 0 
7f82d9641000-7f82da000000 r--p 00000000 08:01 2497390                    /usr/lib/locale/locale-archive
7f82da000000-7f82dc000000 rw-p 00000000 00:00 0 
7f82dc000000-7f82dc021000 rw-p 00000000 00:00 0 
7f82dc021000-7f82e0000000 ---p 00000000 00:00 0 
7f82e0080000-7f82e008e000 r--s 000e0000 08:01 9702532                    /home/aniket/Softwares/android-sdk/build-tools/24.0.1/lib/dx.jar
7f82e008e000-7f82e0091000 ---p 00000000 00:00 0 
7f82e0091000-7f82e018f000 rw-p 00000000 00:00 0 
7f82e018f000-7f82e0192000 ---p 00000000 00:00 0 
7f82e0192000-7f82e0290000 rw-p 00000000 00:00 0 
7f82e0290000-7f82e0291000 ---p 00000000 00:00 0 
7f82e0291000-7f82e1000000 rw-p 00000000 00:00 0 
7f82e1000000-7f82e15f0000 rwxp 00000000 00:00 0 
7f82e15f0000-7f82f0000000 ---p 00000000 00:00 0 
7f82f0000000-7f82f0396000 rw-p 00000000 00:00 0 
7f82f0396000-7f82f4000000 ---p 00000000 00:00 0 
7f82f4002000-7f82f4347000 rw-p 00000000 00:00 0 
7f82f4347000-7f82f4520000 r--s 03d29000 08:01 2502032                    /usr/lib/jvm/java-8-oracle/jre/lib/rt.jar
7f82f4520000-7f82f4c16000 rw-p 00000000 00:00 0 
7f82f4c16000-7f82f4d96000 ---p 00000000 00:00 0 
7f82f4d96000-7f82f4f96000 rw-p 00000000 00:00 0 
7f82f4f96000-7f82f4f97000 ---p 00000000 00:00 0 
7f82f4f97000-7f82f5097000 rw-p 00000000 00:00 0 
7f82f5097000-7f82f5098000 ---p 00000000 00:00 0 
7f82f5098000-7f82f5198000 rw-p 00000000 00:00 0 
7f82f5198000-7f82f5199000 ---p 00000000 00:00 0 
7f82f5199000-7f82f5299000 rw-p 00000000 00:00 0 
7f82f5299000-7f82f529a000 ---p 00000000 00:00 0 
7f82f529a000-7f82f53c7000 rw-p 00000000 00:00 0 
7f82f53c7000-7f82f54f0000 ---p 00000000 00:00 0 
7f82f54f0000-7f82f551d000 rw-p 00000000 00:00 0 
7f82f551d000-7f82f5645000 ---p 00000000 00:00 0 
7f82f5645000-7f82f5689000 rw-p 00000000 00:00 0 
7f82f5689000-7f82f56f0000 ---p 00000000 00:00 0 
7f82f56f0000-7f82f5709000 rw-p 00000000 00:00 0 
7f82f5709000-7f82f5ab1000 ---p 00000000 00:00 0 
7f82f5ab1000-7f82f5acb000 r-xp 00000000 08:01 2502097                    /usr/lib/jvm/java-8-oracle/jre/lib/amd64/libzip.so
7f82f5acb000-7f82f5ccb000 ---p 0001a000 08:01 2502097                    /usr/lib/jvm/java-8-oracle/jre/lib/amd64/libzip.so
7f82f5ccb000-7f82f5ccc000 rw-p 0001a000 08:01 2502097                    /usr/lib/jvm/java-8-oracle/jre/lib/amd64/libzip.so
7f82f5ccc000-7f82f5cd7000 r-xp 00000000 08:01 1577451                    /lib/x86_64-linux-gnu/libnss_files-2.23.so
7f82f5cd7000-7f82f5ed6000 ---p 0000b000 08:01 1577451                    /lib/x86_64-linux-gnu/libnss_files-2.23.so
7f82f5ed6000-7f82f5ed7000 r--p 0000a000 08:01 1577451                    /lib/x86_64-linux-gnu/libnss_files-2.23.so
7f82f5ed7000-7f82f5ed8000 rw-p 0000b000 08:01 1577451                    /lib/x86_64-linux-gnu/libnss_files-2.23.so
7f82f5ed8000-7f82f5ede000 rw-p 00000000 00:00 0 
7f82f5ede000-7f82f5ee9000 r-xp 00000000 08:01 1577461                    /lib/x86_64-linux-gnu/libnss_nis-2.23.so
7f82f5ee9000-7f82f60e8000 ---p 0000b000 08:01 1577461                    /lib/x86_64-linux-gnu/libnss_nis-2.23.so
7f82f60e8000-7f82f60e9000 r--p 0000a000 08:01 1577461                    /lib/x86_64-linux-gnu/libnss_nis-2.23.so
7f82f60e9000-7f82f60ea000 rw-p 0000b000 08:01 1577461                    /lib/x86_64-linux-gnu/libnss_nis-2.23.so
7f82f60ea000-7f82f6100000 r-xp 00000000 08:01 1577445                    /lib/x86_64-linux-gnu/libnsl-2.23.so
7f82f6100000-7f82f62ff000 ---p 00016000 08:01 1577445                    /lib/x86_64-linux-gnu/libnsl-2.23.so
7f82f62ff000-7f82f6300000 r--p 00015000 08:01 1577445                    /lib/x86_64-linux-gnu/libnsl-2.23.so
7f82f6300000-7f82f6301000 rw-p 00016000 08:01 1577445                    /lib/x86_64-linux-gnu/libnsl-2.23.so
7f82f6301000-7f82f6303000 rw-p 00000000 00:00 0 
7f82f6303000-7f82f630b000 r-xp 00000000 08:01 1577447                    /lib/x86_64-linux-gnu/libnss_compat-2.23.so
7f82f630b000-7f82f650a000 ---p 00008000 08:01 1577447                    /lib/x86_64-linux-gnu/libnss_compat-2.23.so
7f82f650a000-7f82f650b000 r--p 00007000 08:01 1577447                    /lib/x86_64-linux-gnu/libnss_compat-2.23.so
7f82f650b000-7f82f650c000 rw-p 00008000 08:01 1577447                    /lib/x86_64-linux-gnu/libnss_compat-2.23.so
7f82f650c000-7f82f6536000 r-xp 00000000 08:01 2502123                    /usr/lib/jvm/java-8-oracle/jre/lib/amd64/libjava.so
7f82f6536000-7f82f6736000 ---p 0002a000 08:01 2502123                    /usr/lib/jvm/java-8-oracle/jre/lib/amd64/libjava.so
7f82f6736000-7f82f6738000 rw-p 0002a000 08:01 2502123                    /usr/lib/jvm/java-8-oracle/jre/lib/amd64/libjava.so
7f82f6738000-7f82f6745000 r-xp 00000000 08:01 2502077                    /usr/lib/jvm/java-8-oracle/jre/lib/amd64/libverify.so
7f82f6745000-7f82f6945000 ---p 0000d000 08:01 2502077                    /usr/lib/jvm/java-8-oracle/jre/lib/amd64/libverify.so
7f82f6945000-7f82f6947000 rw-p 0000d000 08:01 2502077                    /usr/lib/jvm/java-8-oracle/jre/lib/amd64/libverify.so
7f82f6947000-7f82f694e000 r-xp 00000000 08:01 1577506                    /lib/x86_64-linux-gnu/librt-2.23.so
7f82f694e000-7f82f6b4d000 ---p 00007000 08:01 1577506                    /lib/x86_64-linux-gnu/librt-2.23.so
7f82f6b4d000-7f82f6b4e000 r--p 00006000 08:01 1577506                    /lib/x86_64-linux-gnu/librt-2.23.so
7f82f6b4e000-7f82f6b4f000 rw-p 00007000 08:01 1577506                    /lib/x86_64-linux-gnu/librt-2.23.so
7f82f6b4f000-7f82f6c57000 r-xp 00000000 08:01 1577422                    /lib/x86_64-linux-gnu/libm-2.23.so
7f82f6c57000-7f82f6e56000 ---p 00108000 08:01 1577422                    /lib/x86_64-linux-gnu/libm-2.23.so
7f82f6e56000-7f82f6e57000 r--p 00107000 08:01 1577422                    /lib/x86_64-linux-gnu/libm-2.23.so
7f82f6e57000-7f82f6e58000 rw-p 00108000 08:01 1577422                    /lib/x86_64-linux-gnu/libm-2.23.so
7f82f6e58000-7f82f7b23000 r-xp 00000000 08:01 2502127                    /usr/lib/jvm/java-8-oracle/jre/lib/amd64/server/libjvm.so
7f82f7b23000-7f82f7d22000 ---p 00ccb000 08:01 2502127                    /usr/lib/jvm/java-8-oracle/jre/lib/amd64/server/libjvm.so
7f82f7d22000-7f82f7dfb000 rw-p 00cca000 08:01 2502127                    /usr/lib/jvm/java-8-oracle/jre/lib/amd64/server/libjvm.so
7f82f7dfb000-7f82f7e46000 rw-p 00000000 00:00 0 
7f82f7e46000-7f82f8006000 r-xp 00000000 08:01 1577352                    /lib/x86_64-linux-gnu/libc-2.23.so
7f82f8006000-7f82f8205000 ---p 001c0000 08:01 1577352                    /lib/x86_64-linux-gnu/libc-2.23.so
7f82f8205000-7f82f8209000 r--p 001bf000 08:01 1577352                    /lib/x86_64-linux-gnu/libc-2.23.so
7f82f8209000-7f82f820b000 rw-p 001c3000 08:01 1577352                    /lib/x86_64-linux-gnu/libc-2.23.so
7f82f820b000-7f82f820f000 rw-p 00000000 00:00 0 
7f82f820f000-7f82f8212000 r-xp 00000000 08:01 1577376                    /lib/x86_64-linux-gnu/libdl-2.23.so
7f82f8212000-7f82f8411000 ---p 00003000 08:01 1577376                    /lib/x86_64-linux-gnu/libdl-2.23.so
7f82f8411000-7f82f8412000 r--p 00002000 08:01 1577376                    /lib/x86_64-linux-gnu/libdl-2.23.so
7f82f8412000-7f82f8413000 rw-p 00003000 08:01 1577376                    /lib/x86_64-linux-gnu/libdl-2.23.so
7f82f8413000-7f82f8428000 r-xp 00000000 08:01 2493948                    /usr/lib/jvm/java-8-oracle/lib/amd64/jli/libjli.so
7f82f8428000-7f82f8628000 ---p 00015000 08:01 2493948                    /usr/lib/jvm/java-8-oracle/lib/amd64/jli/libjli.so
7f82f8628000-7f82f8629000 rw-p 00015000 08:01 2493948                    /usr/lib/jvm/java-8-oracle/lib/amd64/jli/libjli.so
7f82f8629000-7f82f8641000 r-xp 00000000 08:01 1577498                    /lib/x86_64-linux-gnu/libpthread-2.23.so
7f82f8641000-7f82f8840000 ---p 00018000 08:01 1577498                    /lib/x86_64-linux-gnu/libpthread-2.23.so
7f82f8840000-7f82f8841000 r--p 00017000 08:01 1577498                    /lib/x86_64-linux-gnu/libpthread-2.23.so
7f82f8841000-7f82f8842000 rw-p 00018000 08:01 1577498                    /lib/x86_64-linux-gnu/libpthread-2.23.so
7f82f8842000-7f82f8846000 rw-p 00000000 00:00 0 
7f82f8846000-7f82f886c000 r-xp 00000000 08:01 1577324                    /lib/x86_64-linux-gnu/ld-2.23.so
7f82f886e000-7f82f8940000 rw-p 00000000 00:00 0 
7f82f8940000-7f82f8943000 ---p 00000000 00:00 0 
7f82f8943000-7f82f8a45000 rw-p 00000000 00:00 0 
7f82f8a4b000-7f82f8a5f000 rw-p 00000000 00:00 0 
7f82f8a5f000-7f82f8a67000 rw-s 00000000 00:28 128                        /tmp/hsperfdata_aniket/24131
7f82f8a67000-7f82f8a68000 rw-p 00000000 00:00 0 
7f82f8a68000-7f82f8a69000 ---p 00000000 00:00 0 
7f82f8a69000-7f82f8a6b000 rw-p 00000000 00:00 0 
7f82f8a6b000-7f82f8a6c000 r--p 00025000 08:01 1577324                    /lib/x86_64-linux-gnu/ld-2.23.so
7f82f8a6c000-7f82f8a6d000 rw-p 00026000 08:01 1577324                    /lib/x86_64-linux-gnu/ld-2.23.so
7f82f8a6d000-7f82f8a6e000 rw-p 00000000 00:00 0 
7ffe79279000-7ffe7929a000 rw-p 00000000 00:00 0                          [stack]
7ffe793ae000-7ffe793b0000 r--p 00000000 00:00 0                          [vvar]
7ffe793b0000-7ffe793b2000 r-xp 00000000 00:00 0                          [vdso]
ffffffffff600000-ffffffffff601000 r-xp 00000000 00:00 0                  [vsyscall]

VM Arguments:
jvm_args: -Djava.awt.headless=true -Xmx1024M -Dfile.encoding=UTF-8 -Duser.country=IN -Duser.language=en -Duser.variant 
java_command: com.android.dx.command.Main --dex --force-jumbo --num-threads=4 --output /home/aniket/AndroidStudioProjects/Greenex/app/build/intermediates/pre-dexed/debug/main_4bdd0367b21db4cadea321a4925d9913d82eda62.jar /home/aniket/AndroidStudioProjects/Greenex/app/build/intermediates/transforms/instantRun/debug/folders/1/5/main
java_class_path (initial): /home/aniket/Softwares/android-sdk/build-tools/24.0.1/lib/dx.jar
Launcher Type: SUN_STANDARD

Environment Variables:
PATH=/home/aniket/bin:/home/aniket/.local/bin:/usr/local/sbin:/usr/local/bin:/usr/sbin:/usr/bin:/sbin:/bin:/usr/games:/usr/local/games:/snap/bin:/opt/lampp/bin
LD_LIBRARY_PATH=/home/aniket/Softwares/android-studio/bin:
SHELL=/usr/bin/zsh
DISPLAY=:0

Signal Handlers:
SIGSEGV: [libjvm.so+0xac4790], sa_mask[0]=11111111011111111101111111111110, sa_flags=SA_RESTART|SA_SIGINFO
SIGBUS: [libjvm.so+0xac4790], sa_mask[0]=11111111011111111101111111111110, sa_flags=SA_RESTART|SA_SIGINFO
SIGFPE: [libjvm.so+0x91f140], sa_mask[0]=11111111011111111101111111111110, sa_flags=SA_RESTART|SA_SIGINFO
SIGPIPE: [libjvm.so+0x91f140], sa_mask[0]=11111111011111111101111111111110, sa_flags=SA_RESTART|SA_SIGINFO
SIGXFSZ: [libjvm.so+0x91f140], sa_mask[0]=11111111011111111101111111111110, sa_flags=SA_RESTART|SA_SIGINFO
SIGILL: [libjvm.so+0x91f140], sa_mask[0]=11111111011111111101111111111110, sa_flags=SA_RESTART|SA_SIGINFO
SIGUSR1: SIG_DFL, sa_mask[0]=00000000000000000000000000000000, sa_flags=none
SIGUSR2: [libjvm.so+0x920770], sa_mask[0]=00100000000000000000000000000000, sa_flags=SA_RESTART|SA_SIGINFO
SIGHUP: [libjvm.so+0x921b70], sa_mask[0]=11111111011111111101111111111110, sa_flags=SA_RESTART|SA_SIGINFO
SIGINT: [libjvm.so+0x921b70], sa_mask[0]=11111111011111111101111111111110, sa_flags=SA_RESTART|SA_SIGINFO
SIGTERM: [libjvm.so+0x921b70], sa_mask[0]=11111111011111111101111111111110, sa_flags=SA_RESTART|SA_SIGINFO
SIGQUIT: [libjvm.so+0x921b70], sa_mask[0]=11111111011111111101111111111110, sa_flags=SA_RESTART|SA_SIGINFO


---------------  S Y S T E M  ---------------

OS:DISTRIB_ID=Ubuntu
DISTRIB_RELEASE=16.04
DISTRIB_CODENAME=xenial
DISTRIB_DESCRIPTION="Ubuntu 16.04.1 LTS"

uname:Linux 4.4.0-36-generic #55-Ubuntu SMP Thu Aug 11 18:01:55 UTC 2016 x86_64
libc:glibc 2.23 NPTL 2.23 
rlimit: STACK 8192k, CORE 0k, NPROC 31140, NOFILE 65536, AS infinity
load average:1.82 1.50 1.41

/proc/meminfo:
MemTotal:        8010176 kB
MemFree:          160896 kB
MemAvailable:     109572 kB
Buffers:           10092 kB
Cached:           575936 kB
SwapCached:            0 kB
Active:          7058604 kB
Inactive:         429068 kB
Active(anon):    6996084 kB
Inactive(anon):   373776 kB
Active(file):      62520 kB
Inactive(file):    55292 kB
Unevictable:         588 kB
Mlocked:             588 kB
SwapTotal:             0 kB
SwapFree:              0 kB
Dirty:             16540 kB
Writeback:             0 kB
AnonPages:       6901484 kB
Mapped:           440876 kB
Shmem:            468936 kB
Slab:             117840 kB
SReclaimable:      62104 kB
SUnreclaim:        55736 kB
KernelStack:       15520 kB
PageTables:        77872 kB
NFS_Unstable:          0 kB
Bounce:                0 kB
WritebackTmp:          0 kB
CommitLimit:     4005088 kB
Committed_AS:   14435284 kB
VmallocTotal:   34359738367 kB
VmallocUsed:           0 kB
VmallocChunk:          0 kB
HardwareCorrupted:     0 kB
AnonHugePages:   3641344 kB
CmaTotal:              0 kB
CmaFree:               0 kB
HugePages_Total:       0
HugePages_Free:        0
HugePages_Rsvd:        0
HugePages_Surp:        0
Hugepagesize:       2048 kB
DirectMap4k:      660816 kB
DirectMap2M:     7563264 kB
DirectMap1G:     1048576 kB


CPU:total 4 (2 cores per cpu, 2 threads per core) family 6 model 78 stepping 3, cmov, cx8, fxsr, mmx, sse, sse2, sse3, ssse3, sse4.1, sse4.2, popcnt, avx, avx2, aes, clmul, erms, 3dnowpref, lzcnt, ht, tsc, tscinvbit, bmi1, bmi2, adx

/proc/cpuinfo:
processor	: 0
vendor_id	: GenuineIntel
cpu family	: 6
model		: 78
model name	: Intel(R) Core(TM) i7-6500U CPU @ 2.50GHz
stepping	: 3
microcode	: 0x2d
cpu MHz		: 2818.968
cache size	: 4096 KB
physical id	: 0
siblings	: 4
core id		: 0
cpu cores	: 2
apicid		: 0
initial apicid	: 0
fpu		: yes
fpu_exception	: yes
cpuid level	: 22
wp		: yes
flags		: fpu vme de pse tsc msr pae mce cx8 apic sep mtrr pge mca cmov pat pse36 clflush dts acpi mmx fxsr sse sse2 ss ht tm pbe syscall nx pdpe1gb rdtscp lm constant_tsc art arch_perfmon pebs bts rep_good nopl xtopology nonstop_tsc aperfmperf eagerfpu pni pclmulqdq dtes64 monitor ds_cpl vmx est tm2 ssse3 sdbg fma cx16 xtpr pdcm pcid sse4_1 sse4_2 x2apic movbe popcnt tsc_deadline_timer aes xsave avx f16c rdrand lahf_lm abm 3dnowprefetch epb intel_pt tpr_shadow vnmi flexpriority ept vpid fsgsbase tsc_adjust bmi1 avx2 smep bmi2 erms invpcid mpx rdseed adx smap clflushopt xsaveopt xsavec xgetbv1 dtherm ida arat pln pts hwp hwp_notify hwp_act_window hwp_epp
bugs		:
bogomips	: 5184.12
clflush size	: 64
cache_alignment	: 64
address sizes	: 39 bits physical, 48 bits virtual
power management:

processor	: 1
vendor_id	: GenuineIntel
cpu family	: 6
model		: 78
model name	: Intel(R) Core(TM) i7-6500U CPU @ 2.50GHz
stepping	: 3
microcode	: 0x2d
cpu MHz		: 2799.976
cache size	: 4096 KB
physical id	: 0
siblings	: 4
core id		: 1
cpu cores	: 2
apicid		: 2
initial apicid	: 2
fpu		: yes
fpu_exception	: yes
cpuid level	: 22
wp		: yes
flags		: fpu vme de pse tsc msr pae mce cx8 apic sep mtrr pge mca cmov pat pse36 clflush dts acpi mmx fxsr sse sse2 ss ht tm pbe syscall nx pdpe1gb rdtscp lm constant_tsc art arch_perfmon pebs bts rep_good nopl xtopology nonstop_tsc aperfmperf eagerfpu pni pclmulqdq dtes64 monitor ds_cpl vmx est tm2 ssse3 sdbg fma cx16 xtpr pdcm pcid sse4_1 sse4_2 x2apic movbe popcnt tsc_deadline_timer aes xsave avx f16c rdrand lahf_lm abm 3dnowprefetch epb intel_pt tpr_shadow vnmi flexpriority ept vpid fsgsbase tsc_adjust bmi1 avx2 smep bmi2 erms invpcid mpx rdseed adx smap clflushopt xsaveopt xsavec xgetbv1 dtherm ida arat pln pts hwp hwp_notify hwp_act_window hwp_epp
bugs		:
bogomips	: 5184.12
clflush size	: 64
cache_alignment	: 64
address sizes	: 39 bits physical, 48 bits virtual
power management:

processor	: 2
vendor_id	: GenuineIntel
cpu family	: 6
model		: 78
model name	: Intel(R) Core(TM) i7-6500U CPU @ 2.50GHz
stepping	: 3
microcode	: 0x2d
cpu MHz		: 2799.976
cache size	: 4096 KB
physical id	: 0
siblings	: 4
core id		: 0
cpu cores	: 2
apicid		: 1
initial apicid	: 1
fpu		: yes
fpu_exception	: yes
cpuid level	: 22
wp		: yes
flags		: fpu vme de pse tsc msr pae mce cx8 apic sep mtrr pge mca cmov pat pse36 clflush dts acpi mmx fxsr sse sse2 ss ht tm pbe syscall nx pdpe1gb rdtscp lm constant_tsc art arch_perfmon pebs bts rep_good nopl xtopology nonstop_tsc aperfmperf eagerfpu pni pclmulqdq dtes64 monitor ds_cpl vmx est tm2 ssse3 sdbg fma cx16 xtpr pdcm pcid sse4_1 sse4_2 x2apic movbe popcnt tsc_deadline_timer aes xsave avx f16c rdrand lahf_lm abm 3dnowprefetch epb intel_pt tpr_shadow vnmi flexpriority ept vpid fsgsbase tsc_adjust bmi1 avx2 smep bmi2 erms invpcid mpx rdseed adx smap clflushopt xsaveopt xsavec xgetbv1 dtherm ida arat pln pts hwp hwp_notify hwp_act_window hwp_epp
bugs		:
bogomips	: 5184.12
clflush size	: 64
cache_alignment	: 64
address sizes	: 39 bits physical, 48 bits virtual
power management:

processor	: 3
vendor_id	: GenuineIntel
cpu family	: 6
model		: 78
model name	: Intel(R) Core(TM) i7-6500U CPU @ 2.50GHz
stepping	: 3
microcode	: 0x2d
cpu MHz		: 2841.820
cache size	: 4096 KB
physical id	: 0
siblings	: 4
core id		: 1
cpu cores	: 2
apicid		: 3
initial apicid	: 3
fpu		: yes
fpu_exception	: yes
cpuid level	: 22
wp		: yes
flags		: fpu vme de pse tsc msr pae mce cx8 apic sep mtrr pge mca cmov pat pse36 clflush dts acpi mmx fxsr sse sse2 ss ht tm pbe syscall nx pdpe1gb rdtscp lm constant_tsc art arch_perfmon pebs bts rep_good nopl xtopology nonstop_tsc aperfmperf eagerfpu pni pclmulqdq dtes64 monitor ds_cpl vmx est tm2 ssse3 sdbg fma cx16 xtpr pdcm pcid sse4_1 sse4_2 x2apic movbe popcnt tsc_deadline_timer aes xsave avx f16c rdrand lahf_lm abm 3dnowprefetch epb intel_pt tpr_shadow vnmi flexpriority ept vpid fsgsbase tsc_adjust bmi1 avx2 smep bmi2 erms invpcid mpx rdseed adx smap clflushopt xsaveopt xsavec xgetbv1 dtherm ida arat pln pts hwp hwp_notify hwp_act_window hwp_epp
bugs		:
bogomips	: 5184.12
clflush size	: 64
cache_alignment	: 64
address sizes	: 39 bits physical, 48 bits virtual
power management:



Memory: 4k page, physical 8010176k(160896k free), swap 0k(0k free)

vm_info: Java HotSpot(TM) 64-Bit Server VM (25.101-b13) for linux-amd64 JRE (1.8.0_101-b13), built on Jun 22 2016 02:59:44 by "java_re" with gcc 4.3.0 20080428 (Red Hat 4.3.0-8)

time: Mon Sep 19 19:24:23 2016
elapsed time: 2 seconds (0d 0h 0m 2s)

